<?xml version="1.0" encoding="UTF-8"?>
<!-- Generated by org.testng.reporters.JUnitReportReporter -->
<testsuite hostname="DESKTOP-J4JF090" failures="0" tests="6" name="testpkg.LoginNselctest" time="168.082" errors="0" timestamp="2023-08-08T12:08:56 IST" skipped="0">
  <testcase classname="testpkg.LoginNselctest" name="loginCred" time="24.720"/>
  <testcase classname="testpkg.LoginNselctest" name="formSelect" time="40.765"/>
  <testcase classname="testpkg.LoginNselctest" name="formFilSubmit" time="37.801"/>
  <testcase classname="testpkg.LoginNselctest" name="linkValidtn" time="57.705"/>
  <testcase classname="testpkg.LoginNselctest" name="delForm" time="4.453"/>
  <testcase classname="testpkg.LoginNselctest" name="test2" time="2.638"/>
</testsuite> <!-- testpkg.LoginNselctest -->
