<?xml version="1.0" encoding="UTF-8"?>
<!-- Generated by org.testng.reporters.JUnitReportReporter -->
<testsuite hostname="DESKTOP-J4JF090" failures="0" tests="1" name="testpkg.LoginNselctest" time="155.764" errors="0" timestamp="2023-08-07T21:43:29 IST" skipped="0">
  <testcase classname="testpkg.LoginNselctest" name="loginCred" time="155.764"/>
</testsuite> <!-- testpkg.LoginNselctest -->
